Analysis & Synthesis report for main
Sat Oct 17 17:35:36 2020
Quartus Prime Version 20.1.0 Build 711 06/05/2020 SJ Lite Edition


---------------------
; Table of Contents ;
---------------------
  1. Legal Notice
  2. Analysis & Synthesis Summary
  3. Analysis & Synthesis Settings
  4. Parallel Compilation
  5. Analysis & Synthesis Source Files Read
  6. Analysis & Synthesis Resource Usage Summary
  7. Analysis & Synthesis Resource Utilization by Entity
  8. Registers Removed During Synthesis
  9. General Register Statistics
 10. Multiplexer Restructuring Statistics (Restructuring Performed)
 11. Parameter Settings for User Entity Instance: Top-level Entity: |main
 12. Parameter Settings for User Entity Instance: processador:processador
 13. Parameter Settings for User Entity Instance: processador:processador|unidade_controle:UC
 14. Parameter Settings for User Entity Instance: processador:processador|fluxo_dados:FD
 15. Parameter Settings for User Entity Instance: processador:processador|fluxo_dados:FD|registrador_generico:PC
 16. Parameter Settings for User Entity Instance: processador:processador|fluxo_dados:FD|mux_generico_2x1:MuxProxPC
 17. Parameter Settings for User Entity Instance: processador:processador|fluxo_dados:FD|soma_constante:somaUm
 18. Parameter Settings for User Entity Instance: processador:processador|fluxo_dados:FD|memoria_rom:ROM
 19. Parameter Settings for User Entity Instance: processador:processador|fluxo_dados:FD|mux_generico_2x1:mux_RAM_imediato
 20. Parameter Settings for User Entity Instance: processador:processador|fluxo_dados:FD|banco_registradores:banco_registradores
 21. Parameter Settings for User Entity Instance: processador:processador|fluxo_dados:FD|ULA:ula
 22. Parameter Settings for User Entity Instance: processador:processador|fluxo_dados:FD|mux_generico_2x1:mux_ULA_imediato_ou_ram
 23. Parameter Settings for User Entity Instance: processador:processador|fluxo_dados:FD|decodificador_enderecos:decodificador_enderecos
 24. Parameter Settings for User Entity Instance: processador:processador|fluxo_dados:FD|memoria_ram:RAM
 25. Parameter Settings for User Entity Instance: processador:processador|fluxo_dados:FD|interface_buttons:interface_buttons
 26. Parameter Settings for User Entity Instance: processador:processador|fluxo_dados:FD|interface_hex:interface_hex
 27. Parameter Settings for User Entity Instance: processador:processador|fluxo_dados:FD|divisor_generico_interface:temporizador
 28. Port Connectivity Checks: "processador:processador|fluxo_dados:FD|interface_hex:interface_hex|conversorHex7Seg:conversorHex5"
 29. Port Connectivity Checks: "processador:processador|fluxo_dados:FD|interface_hex:interface_hex|conversorHex7Seg:conversorHex4"
 30. Port Connectivity Checks: "processador:processador|fluxo_dados:FD|interface_hex:interface_hex|conversorHex7Seg:conversorHex3"
 31. Port Connectivity Checks: "processador:processador|fluxo_dados:FD|interface_hex:interface_hex|conversorHex7Seg:conversorHex2"
 32. Port Connectivity Checks: "processador:processador|fluxo_dados:FD|interface_hex:interface_hex|conversorHex7Seg:conversorHex1"
 33. Port Connectivity Checks: "processador:processador|fluxo_dados:FD|interface_hex:interface_hex|conversorHex7Seg:conversorHex0"
 34. Port Connectivity Checks: "processador:processador|fluxo_dados:FD|flip_flop_generico:flip_flop_flag_zero"
 35. Port Connectivity Checks: "processador:processador|fluxo_dados:FD|registrador_generico:PC"
 36. Port Connectivity Checks: "processador:processador|fluxo_dados:FD"
 37. Port Connectivity Checks: "processador:processador"
 38. Post-Synthesis Netlist Statistics for Top Partition
 39. Elapsed Time Per Partition
 40. Analysis & Synthesis Messages



----------------
; Legal Notice ;
----------------
Copyright (C) 2020  Intel Corporation. All rights reserved.
Your use of Intel Corporation's design tools, logic functions 
and other software and tools, and any partner logic 
functions, and any output files from any of the foregoing 
(including device programming or simulation files), and any 
associated documentation or information are expressly subject 
to the terms and conditions of the Intel Program License 
Subscription Agreement, the Intel Quartus Prime License Agreement,
the Intel FPGA IP License Agreement, or other applicable license
agreement, including, without limitation, that your use is for
the sole purpose of programming logic devices manufactured by
Intel and sold by Intel or its authorized distributors.  Please
refer to the applicable agreement for further details, at
https://fpgasoftware.intel.com/eula.



+-------------------------------------------------------------------------------+
; Analysis & Synthesis Summary                                                  ;
+---------------------------------+---------------------------------------------+
; Analysis & Synthesis Status     ; Successful - Sat Oct 17 17:35:36 2020       ;
; Quartus Prime Version           ; 20.1.0 Build 711 06/05/2020 SJ Lite Edition ;
; Revision Name                   ; main                                        ;
; Top-level Entity Name           ; main                                        ;
; Family                          ; Cyclone V                                   ;
; Logic utilization (in ALMs)     ; N/A                                         ;
; Total registers                 ; 69                                          ;
; Total pins                      ; 68                                          ;
; Total virtual pins              ; 0                                           ;
; Total block memory bits         ; 0                                           ;
; Total DSP Blocks                ; 0                                           ;
; Total HSSI RX PCSs              ; 0                                           ;
; Total HSSI PMA RX Deserializers ; 0                                           ;
; Total HSSI TX PCSs              ; 0                                           ;
; Total HSSI PMA TX Serializers   ; 0                                           ;
; Total PLLs                      ; 0                                           ;
; Total DLLs                      ; 0                                           ;
+---------------------------------+---------------------------------------------+


+---------------------------------------------------------------------------------------------------------------------------+
; Analysis & Synthesis Settings                                                                                             ;
+---------------------------------------------------------------------------------+--------------------+--------------------+
; Option                                                                          ; Setting            ; Default Value      ;
+---------------------------------------------------------------------------------+--------------------+--------------------+
; Device                                                                          ; 5CEBA4F23C7        ;                    ;
; Top-level entity name                                                           ; main               ; main               ;
; Family name                                                                     ; Cyclone V          ; Cyclone V          ;
; Use smart compilation                                                           ; Off                ; Off                ;
; Enable parallel Assembler and Timing Analyzer during compilation                ; On                 ; On                 ;
; Enable compact report table                                                     ; Off                ; Off                ;
; Restructure Multiplexers                                                        ; Auto               ; Auto               ;
; MLAB Add Timing Constraints For Mixed-Port Feed-Through Mode Setting Don't Care ; Off                ; Off                ;
; Create Debugging Nodes for IP Cores                                             ; Off                ; Off                ;
; Preserve fewer node names                                                       ; On                 ; On                 ;
; Intel FPGA IP Evaluation Mode                                                   ; Enable             ; Enable             ;
; Verilog Version                                                                 ; Verilog_2001       ; Verilog_2001       ;
; VHDL Version                                                                    ; VHDL_1993          ; VHDL_1993          ;
; State Machine Processing                                                        ; Auto               ; Auto               ;
; Safe State Machine                                                              ; Off                ; Off                ;
; Extract Verilog State Machines                                                  ; On                 ; On                 ;
; Extract VHDL State Machines                                                     ; On                 ; On                 ;
; Ignore Verilog initial constructs                                               ; Off                ; Off                ;
; Iteration limit for constant Verilog loops                                      ; 5000               ; 5000               ;
; Iteration limit for non-constant Verilog loops                                  ; 250                ; 250                ;
; Add Pass-Through Logic to Inferred RAMs                                         ; On                 ; On                 ;
; Infer RAMs from Raw Logic                                                       ; On                 ; On                 ;
; Parallel Synthesis                                                              ; On                 ; On                 ;
; DSP Block Balancing                                                             ; Auto               ; Auto               ;
; NOT Gate Push-Back                                                              ; On                 ; On                 ;
; Power-Up Don't Care                                                             ; On                 ; On                 ;
; Remove Redundant Logic Cells                                                    ; Off                ; Off                ;
; Remove Duplicate Registers                                                      ; On                 ; On                 ;
; Ignore CARRY Buffers                                                            ; Off                ; Off                ;
; Ignore CASCADE Buffers                                                          ; Off                ; Off                ;
; Ignore GLOBAL Buffers                                                           ; Off                ; Off                ;
; Ignore ROW GLOBAL Buffers                                                       ; Off                ; Off                ;
; Ignore LCELL Buffers                                                            ; Off                ; Off                ;
; Ignore SOFT Buffers                                                             ; On                 ; On                 ;
; Limit AHDL Integers to 32 Bits                                                  ; Off                ; Off                ;
; Optimization Technique                                                          ; Balanced           ; Balanced           ;
; Carry Chain Length                                                              ; 70                 ; 70                 ;
; Auto Carry Chains                                                               ; On                 ; On                 ;
; Auto Open-Drain Pins                                                            ; On                 ; On                 ;
; Perform WYSIWYG Primitive Resynthesis                                           ; Off                ; Off                ;
; Auto ROM Replacement                                                            ; On                 ; On                 ;
; Auto RAM Replacement                                                            ; On                 ; On                 ;
; Auto DSP Block Replacement                                                      ; On                 ; On                 ;
; Auto Shift Register Replacement                                                 ; Auto               ; Auto               ;
; Allow Shift Register Merging across Hierarchies                                 ; Auto               ; Auto               ;
; Auto Clock Enable Replacement                                                   ; On                 ; On                 ;
; Strict RAM Replacement                                                          ; Off                ; Off                ;
; Allow Synchronous Control Signals                                               ; On                 ; On                 ;
; Force Use of Synchronous Clear Signals                                          ; Off                ; Off                ;
; Auto Resource Sharing                                                           ; Off                ; Off                ;
; Allow Any RAM Size For Recognition                                              ; Off                ; Off                ;
; Allow Any ROM Size For Recognition                                              ; Off                ; Off                ;
; Allow Any Shift Register Size For Recognition                                   ; Off                ; Off                ;
; Use LogicLock Constraints during Resource Balancing                             ; On                 ; On                 ;
; Ignore translate_off and synthesis_off directives                               ; Off                ; Off                ;
; Timing-Driven Synthesis                                                         ; On                 ; On                 ;
; Report Parameter Settings                                                       ; On                 ; On                 ;
; Report Source Assignments                                                       ; On                 ; On                 ;
; Report Connectivity Checks                                                      ; On                 ; On                 ;
; Ignore Maximum Fan-Out Assignments                                              ; Off                ; Off                ;
; Synchronization Register Chain Length                                           ; 3                  ; 3                  ;
; Power Optimization During Synthesis                                             ; Normal compilation ; Normal compilation ;
; HDL message level                                                               ; Level2             ; Level2             ;
; Suppress Register Optimization Related Messages                                 ; Off                ; Off                ;
; Number of Removed Registers Reported in Synthesis Report                        ; 5000               ; 5000               ;
; Number of Swept Nodes Reported in Synthesis Report                              ; 5000               ; 5000               ;
; Number of Inverted Registers Reported in Synthesis Report                       ; 100                ; 100                ;
; Clock MUX Protection                                                            ; On                 ; On                 ;
; Auto Gated Clock Conversion                                                     ; Off                ; Off                ;
; Block Design Naming                                                             ; Auto               ; Auto               ;
; SDC constraint protection                                                       ; Off                ; Off                ;
; Synthesis Effort                                                                ; Auto               ; Auto               ;
; Shift Register Replacement - Allow Asynchronous Clear Signal                    ; On                 ; On                 ;
; Pre-Mapping Resynthesis Optimization                                            ; Off                ; Off                ;
; Analysis & Synthesis Message Level                                              ; Medium             ; Medium             ;
; Disable Register Merging Across Hierarchies                                     ; Auto               ; Auto               ;
; Resource Aware Inference For Block RAM                                          ; On                 ; On                 ;
; Automatic Parallel Synthesis                                                    ; On                 ; On                 ;
; Partial Reconfiguration Bitstream ID                                            ; Off                ; Off                ;
+---------------------------------------------------------------------------------+--------------------+--------------------+


+------------------------------------------+
; Parallel Compilation                     ;
+----------------------------+-------------+
; Processors                 ; Number      ;
+----------------------------+-------------+
; Number detected on machine ; 6           ;
; Maximum allowed            ; 6           ;
;                            ;             ;
; Average used               ; 1.00        ;
; Maximum used               ; 6           ;
;                            ;             ;
; Usage by Processor         ; % Time Used ;
;     Processor 1            ; 100.0%      ;
;     Processor 2            ;   0.0%      ;
;     Processors 3-6         ;   0.0%      ;
+----------------------------+-------------+


+---------------------------------------------------------------------------------------------------------------------------------------------------------------+
; Analysis & Synthesis Source Files Read                                                                                                                        ;
+----------------------------------+-----------------+-----------------+------------------------------------------------------------------------------+---------+
; File Name with User-Entered Path ; Used in Netlist ; File Type       ; File Name with Absolute Path                                                 ; Library ;
+----------------------------------+-----------------+-----------------+------------------------------------------------------------------------------+---------+
; flip_flop_generico.vhd           ; yes             ; User VHDL File  ; /home/gabrielzezze/Desktop/projeto_clock/vhdl/flip_flop_generico.vhd         ;         ;
; divisor_generico_interface.vhd   ; yes             ; User VHDL File  ; /home/gabrielzezze/Desktop/projeto_clock/vhdl/divisor_generico_interface.vhd ;         ;
; interface_hex.vhd                ; yes             ; User VHDL File  ; /home/gabrielzezze/Desktop/projeto_clock/vhdl/interface_hex.vhd              ;         ;
; conversor_hex_7_segmentos.vhd    ; yes             ; User VHDL File  ; /home/gabrielzezze/Desktop/projeto_clock/vhdl/conversor_hex_7_segmentos.vhd  ;         ;
; interface_buttons.vhd            ; yes             ; User VHDL File  ; /home/gabrielzezze/Desktop/projeto_clock/vhdl/interface_buttons.vhd          ;         ;
; interface_switches.vhd           ; yes             ; User VHDL File  ; /home/gabrielzezze/Desktop/projeto_clock/vhdl/interface_switches.vhd         ;         ;
; memoria_ram.vhd                  ; yes             ; User VHDL File  ; /home/gabrielzezze/Desktop/projeto_clock/vhdl/memoria_ram.vhd                ;         ;
; decodificador_enderecos.vhd      ; yes             ; User VHDL File  ; /home/gabrielzezze/Desktop/projeto_clock/vhdl/decodificador_enderecos.vhd    ;         ;
; ula.vhd                          ; yes             ; User VHDL File  ; /home/gabrielzezze/Desktop/projeto_clock/vhdl/ula.vhd                        ;         ;
; banco_registradores.vhd          ; yes             ; User VHDL File  ; /home/gabrielzezze/Desktop/projeto_clock/vhdl/banco_registradores.vhd        ;         ;
; mux_generico_2x1.vhd             ; yes             ; User VHDL File  ; /home/gabrielzezze/Desktop/projeto_clock/vhdl/mux_generico_2x1.vhd           ;         ;
; soma_constante.vhd               ; yes             ; User VHDL File  ; /home/gabrielzezze/Desktop/projeto_clock/vhdl/soma_constante.vhd             ;         ;
; registrador_generico.vhd         ; yes             ; User VHDL File  ; /home/gabrielzezze/Desktop/projeto_clock/vhdl/registrador_generico.vhd       ;         ;
; memoria_rom.vhd                  ; yes             ; User VHDL File  ; /home/gabrielzezze/Desktop/projeto_clock/vhdl/memoria_rom.vhd                ;         ;
; fluxo_dados.vhd                  ; yes             ; User VHDL File  ; /home/gabrielzezze/Desktop/projeto_clock/vhdl/fluxo_dados.vhd                ;         ;
; main.vhd                         ; yes             ; User VHDL File  ; /home/gabrielzezze/Desktop/projeto_clock/vhdl/main.vhd                       ;         ;
; unidade_controle.vhd             ; yes             ; User VHDL File  ; /home/gabrielzezze/Desktop/projeto_clock/vhdl/unidade_controle.vhd           ;         ;
; processador.vhd                  ; yes             ; User VHDL File  ; /home/gabrielzezze/Desktop/projeto_clock/vhdl/processador.vhd                ;         ;
+----------------------------------+-----------------+-----------------+------------------------------------------------------------------------------+---------+


+--------------------------------------------------------------+
; Analysis & Synthesis Resource Usage Summary                  ;
+---------------------------------------------+----------------+
; Resource                                    ; Usage          ;
+---------------------------------------------+----------------+
; Estimate of Logic utilization (ALMs needed) ; 82             ;
;                                             ;                ;
; Combinational ALUT usage for logic          ; 139            ;
;     -- 7 input functions                    ; 0              ;
;     -- 6 input functions                    ; 21             ;
;     -- 5 input functions                    ; 13             ;
;     -- 4 input functions                    ; 34             ;
;     -- <=3 input functions                  ; 71             ;
;                                             ;                ;
; Dedicated logic registers                   ; 69             ;
;                                             ;                ;
; I/O pins                                    ; 68             ;
;                                             ;                ;
; Total DSP Blocks                            ; 0              ;
;                                             ;                ;
; Maximum fan-out node                        ; CLOCK_50~input ;
; Maximum fan-out                             ; 69             ;
; Total fan-out                               ; 865            ;
; Average fan-out                             ; 2.51           ;
+---------------------------------------------+----------------+


+---------------------------------------------------------------------------------------------------------------------------------------------------------------------------------------------------------------------------------------------------------------------------------------------------------------------------+
; Analysis & Synthesis Resource Utilization by Entity                                                                                                                                                                                                                                                                       ;
+------------------------------------------------------------+---------------------+---------------------------+-------------------+------------+------+--------------+---------------------------------------------------------------------------------------------------------+----------------------------+--------------+
; Compilation Hierarchy Node                                 ; Combinational ALUTs ; Dedicated Logic Registers ; Block Memory Bits ; DSP Blocks ; Pins ; Virtual Pins ; Full Hierarchy Name                                                                                     ; Entity Name                ; Library Name ;
+------------------------------------------------------------+---------------------+---------------------------+-------------------+------------+------+--------------+---------------------------------------------------------------------------------------------------------+----------------------------+--------------+
; |main                                                      ; 139 (1)             ; 69 (0)                    ; 0                 ; 0          ; 68   ; 0            ; |main                                                                                                   ; main                       ; work         ;
;    |processador:processador|                               ; 138 (0)             ; 69 (0)                    ; 0                 ; 0          ; 0    ; 0            ; |main|processador:processador                                                                           ; processador                ; work         ;
;       |fluxo_dados:FD|                                     ; 134 (0)             ; 69 (0)                    ; 0                 ; 0          ; 0    ; 0            ; |main|processador:processador|fluxo_dados:FD                                                            ; fluxo_dados                ; work         ;
;          |ULA:ula|                                         ; 14 (14)             ; 0 (0)                     ; 0                 ; 0          ; 0    ; 0            ; |main|processador:processador|fluxo_dados:FD|ULA:ula                                                    ; ULA                        ; work         ;
;          |banco_registradores:banco_registradores|         ; 20 (20)             ; 32 (32)                   ; 0                 ; 0          ; 0    ; 0            ; |main|processador:processador|fluxo_dados:FD|banco_registradores:banco_registradores                    ; banco_registradores        ; work         ;
;          |decodificador_enderecos:decodificador_enderecos| ; 2 (2)               ; 0 (0)                     ; 0                 ; 0          ; 0    ; 0            ; |main|processador:processador|fluxo_dados:FD|decodificador_enderecos:decodificador_enderecos            ; decodificador_enderecos    ; work         ;
;          |divisor_generico_interface:temporizador|         ; 31 (31)             ; 27 (27)                   ; 0                 ; 0          ; 0    ; 0            ; |main|processador:processador|fluxo_dados:FD|divisor_generico_interface:temporizador                    ; divisor_generico_interface ; work         ;
;          |flip_flop_generico:flip_flop_flag_zero|          ; 0 (0)               ; 1 (1)                     ; 0                 ; 0          ; 0    ; 0            ; |main|processador:processador|fluxo_dados:FD|flip_flop_generico:flip_flop_flag_zero                     ; flip_flop_generico         ; work         ;
;          |interface_hex:interface_hex|                     ; 16 (2)              ; 0 (0)                     ; 0                 ; 0          ; 0    ; 0            ; |main|processador:processador|fluxo_dados:FD|interface_hex:interface_hex                                ; interface_hex              ; work         ;
;             |conversorHex7Seg:conversorHex0|               ; 7 (7)               ; 0 (0)                     ; 0                 ; 0          ; 0    ; 0            ; |main|processador:processador|fluxo_dados:FD|interface_hex:interface_hex|conversorHex7Seg:conversorHex0 ; conversorHex7Seg           ; work         ;
;             |conversorHex7Seg:conversorHex1|               ; 7 (7)               ; 0 (0)                     ; 0                 ; 0          ; 0    ; 0            ; |main|processador:processador|fluxo_dados:FD|interface_hex:interface_hex|conversorHex7Seg:conversorHex1 ; conversorHex7Seg           ; work         ;
;          |memoria_rom:ROM|                                 ; 23 (23)             ; 0 (0)                     ; 0                 ; 0          ; 0    ; 0            ; |main|processador:processador|fluxo_dados:FD|memoria_rom:ROM                                            ; memoria_rom                ; work         ;
;          |mux_generico_2x1:mux_RAM_imediato|               ; 7 (7)               ; 0 (0)                     ; 0                 ; 0          ; 0    ; 0            ; |main|processador:processador|fluxo_dados:FD|mux_generico_2x1:mux_RAM_imediato                          ; mux_generico_2x1           ; work         ;
;          |mux_generico_2x1:mux_ULA_imediato_ou_ram|        ; 12 (12)             ; 0 (0)                     ; 0                 ; 0          ; 0    ; 0            ; |main|processador:processador|fluxo_dados:FD|mux_generico_2x1:mux_ULA_imediato_ou_ram                   ; mux_generico_2x1           ; work         ;
;          |registrador_generico:PC|                         ; 0 (0)               ; 9 (9)                     ; 0                 ; 0          ; 0    ; 0            ; |main|processador:processador|fluxo_dados:FD|registrador_generico:PC                                    ; registrador_generico       ; work         ;
;          |soma_constante:somaUm|                           ; 9 (9)               ; 0 (0)                     ; 0                 ; 0          ; 0    ; 0            ; |main|processador:processador|fluxo_dados:FD|soma_constante:somaUm                                      ; soma_constante             ; work         ;
;       |unidade_controle:UC|                                ; 4 (4)               ; 0 (0)                     ; 0                 ; 0          ; 0    ; 0            ; |main|processador:processador|unidade_controle:UC                                                       ; unidade_controle           ; work         ;
+------------------------------------------------------------+---------------------+---------------------------+-------------------+------------+------+--------------+---------------------------------------------------------------------------------------------------------+----------------------------+--------------+
Note: For table entries with two numbers listed, the numbers in parentheses indicate the number of resources of the given type used by the specific entity alone. The numbers listed outside of parentheses indicate the total resources of the given type used by the specific entity and all of its sub-entities in the hierarchy.


+--------------------------------------------------------------------------------------------------------------------+
; Registers Removed During Synthesis                                                                                 ;
+-----------------------------------------------------------------------------------------------+--------------------+
; Register name                                                                                 ; Reason for Removal ;
+-----------------------------------------------------------------------------------------------+--------------------+
; processador:processador|fluxo_dados:FD|banco_registradores:banco_registradores|registrador~44 ; Lost fanout        ;
; processador:processador|fluxo_dados:FD|banco_registradores:banco_registradores|registrador~45 ; Lost fanout        ;
; processador:processador|fluxo_dados:FD|banco_registradores:banco_registradores|registrador~46 ; Lost fanout        ;
; processador:processador|fluxo_dados:FD|banco_registradores:banco_registradores|registrador~47 ; Lost fanout        ;
; processador:processador|fluxo_dados:FD|banco_registradores:banco_registradores|registrador~48 ; Lost fanout        ;
; processador:processador|fluxo_dados:FD|banco_registradores:banco_registradores|registrador~49 ; Lost fanout        ;
; processador:processador|fluxo_dados:FD|banco_registradores:banco_registradores|registrador~50 ; Lost fanout        ;
; processador:processador|fluxo_dados:FD|banco_registradores:banco_registradores|registrador~51 ; Lost fanout        ;
; processador:processador|fluxo_dados:FD|banco_registradores:banco_registradores|registrador~52 ; Lost fanout        ;
; processador:processador|fluxo_dados:FD|banco_registradores:banco_registradores|registrador~53 ; Lost fanout        ;
; processador:processador|fluxo_dados:FD|banco_registradores:banco_registradores|registrador~54 ; Lost fanout        ;
; processador:processador|fluxo_dados:FD|banco_registradores:banco_registradores|registrador~55 ; Lost fanout        ;
; processador:processador|fluxo_dados:FD|banco_registradores:banco_registradores|registrador~56 ; Lost fanout        ;
; processador:processador|fluxo_dados:FD|banco_registradores:banco_registradores|registrador~57 ; Lost fanout        ;
; processador:processador|fluxo_dados:FD|banco_registradores:banco_registradores|registrador~58 ; Lost fanout        ;
; processador:processador|fluxo_dados:FD|banco_registradores:banco_registradores|registrador~59 ; Lost fanout        ;
; processador:processador|fluxo_dados:FD|banco_registradores:banco_registradores|registrador~60 ; Lost fanout        ;
; processador:processador|fluxo_dados:FD|banco_registradores:banco_registradores|registrador~61 ; Lost fanout        ;
; processador:processador|fluxo_dados:FD|banco_registradores:banco_registradores|registrador~62 ; Lost fanout        ;
; processador:processador|fluxo_dados:FD|banco_registradores:banco_registradores|registrador~63 ; Lost fanout        ;
; processador:processador|fluxo_dados:FD|banco_registradores:banco_registradores|registrador~64 ; Lost fanout        ;
; processador:processador|fluxo_dados:FD|banco_registradores:banco_registradores|registrador~65 ; Lost fanout        ;
; processador:processador|fluxo_dados:FD|banco_registradores:banco_registradores|registrador~66 ; Lost fanout        ;
; processador:processador|fluxo_dados:FD|banco_registradores:banco_registradores|registrador~67 ; Lost fanout        ;
; processador:processador|fluxo_dados:FD|banco_registradores:banco_registradores|registrador~68 ; Lost fanout        ;
; processador:processador|fluxo_dados:FD|banco_registradores:banco_registradores|registrador~69 ; Lost fanout        ;
; processador:processador|fluxo_dados:FD|banco_registradores:banco_registradores|registrador~70 ; Lost fanout        ;
; processador:processador|fluxo_dados:FD|banco_registradores:banco_registradores|registrador~71 ; Lost fanout        ;
; processador:processador|fluxo_dados:FD|banco_registradores:banco_registradores|registrador~72 ; Lost fanout        ;
; processador:processador|fluxo_dados:FD|banco_registradores:banco_registradores|registrador~73 ; Lost fanout        ;
; processador:processador|fluxo_dados:FD|banco_registradores:banco_registradores|registrador~74 ; Lost fanout        ;
; processador:processador|fluxo_dados:FD|banco_registradores:banco_registradores|registrador~75 ; Lost fanout        ;
; Total Number of Removed Registers = 32                                                        ;                    ;
+-----------------------------------------------------------------------------------------------+--------------------+


+------------------------------------------------------+
; General Register Statistics                          ;
+----------------------------------------------+-------+
; Statistic                                    ; Value ;
+----------------------------------------------+-------+
; Total registers                              ; 69    ;
; Number of registers using Synchronous Clear  ; 26    ;
; Number of registers using Synchronous Load   ; 9     ;
; Number of registers using Asynchronous Clear ; 0     ;
; Number of registers using Asynchronous Load  ; 0     ;
; Number of registers using Clock Enable       ; 58    ;
; Number of registers using Preset             ; 0     ;
+----------------------------------------------+-------+


+----------------------------------------------------------------------------------------------------------------------------------------------------------------------------------------------------------------------------------------+
; Multiplexer Restructuring Statistics (Restructuring Performed)                                                                                                                                                                         ;
+--------------------+-----------+---------------+----------------------+------------------------+------------+--------------------------------------------------------------------------------------------------------------------------+
; Multiplexer Inputs ; Bus Width ; Baseline Area ; Area if Restructured ; Saving if Restructured ; Registered ; Example Multiplexer Output                                                                                               ;
+--------------------+-----------+---------------+----------------------+------------------------+------------+--------------------------------------------------------------------------------------------------------------------------+
; 3:1                ; 26 bits   ; 52 LEs        ; 0 LEs                ; 52 LEs                 ; Yes        ; |main|processador:processador|fluxo_dados:FD|divisor_generico_interface:temporizador|contador[16]                        ;
; 3:1                ; 8 bits    ; 16 LEs        ; 16 LEs               ; 0 LEs                  ; No         ; |main|processador:processador|fluxo_dados:FD|ULA:ula|saida[0]                                                            ;
; 3:1                ; 4 bits    ; 8 LEs         ; 8 LEs                ; 0 LEs                  ; No         ; |main|processador:processador|fluxo_dados:FD|mux_generico_2x1:mux_ULA_imediato_ou_ram|saida_MUX[6]                       ;
; 3:1                ; 3 bits    ; 6 LEs         ; 6 LEs                ; 0 LEs                  ; No         ; |main|processador:processador|fluxo_dados:FD|mux_generico_2x1:mux_ULA_imediato_ou_ram|saida_MUX[1]                       ;
; 13:1               ; 4 bits    ; 32 LEs        ; 32 LEs               ; 0 LEs                  ; No         ; |main|processador:processador|fluxo_dados:FD|interface_hex:interface_hex|conversorHex7Seg:conversorHex0|rascSaida7seg[1] ;
; 13:1               ; 4 bits    ; 32 LEs        ; 32 LEs               ; 0 LEs                  ; No         ; |main|processador:processador|fluxo_dados:FD|interface_hex:interface_hex|conversorHex7Seg:conversorHex1|rascSaida7seg[0] ;
; 14:1               ; 2 bits    ; 18 LEs        ; 18 LEs               ; 0 LEs                  ; No         ; |main|processador:processador|fluxo_dados:FD|interface_hex:interface_hex|conversorHex7Seg:conversorHex0|rascSaida7seg[4] ;
; 14:1               ; 2 bits    ; 18 LEs        ; 18 LEs               ; 0 LEs                  ; No         ; |main|processador:processador|fluxo_dados:FD|interface_hex:interface_hex|conversorHex7Seg:conversorHex1|rascSaida7seg[4] ;
+--------------------+-----------+---------------+----------------------+------------------------+------------+--------------------------------------------------------------------------------------------------------------------------+


+----------------------------------------------------------------------+
; Parameter Settings for User Entity Instance: Top-level Entity: |main ;
+----------------+-------+---------------------------------------------+
; Parameter Name ; Value ; Type                                        ;
+----------------+-------+---------------------------------------------+
; DATA_WIDTH     ; 8     ; Signed Integer                              ;
; ADDR_WIDTH     ; 9     ; Signed Integer                              ;
; TOTAL_WIDTH    ; 22    ; Signed Integer                              ;
+----------------+-------+---------------------------------------------+
Note: In order to hide this table in the UI and the text report file, please set the "Show Parameter Settings in Synthesis Report" option in "Analysis and Synthesis Settings -> More Settings" to "Off".


+----------------------------------------------------------------------+
; Parameter Settings for User Entity Instance: processador:processador ;
+----------------+-------+---------------------------------------------+
; Parameter Name ; Value ; Type                                        ;
+----------------+-------+---------------------------------------------+
; data_width     ; 8     ; Signed Integer                              ;
; addr_width     ; 9     ; Signed Integer                              ;
; total_width    ; 22    ; Signed Integer                              ;
+----------------+-------+---------------------------------------------+
Note: In order to hide this table in the UI and the text report file, please set the "Show Parameter Settings in Synthesis Report" option in "Analysis and Synthesis Settings -> More Settings" to "Off".


+------------------------------------------------------------------------------------------+
; Parameter Settings for User Entity Instance: processador:processador|unidade_controle:UC ;
+----------------+-------+-----------------------------------------------------------------+
; Parameter Name ; Value ; Type                                                            ;
+----------------+-------+-----------------------------------------------------------------+
; data_width     ; 8     ; Signed Integer                                                  ;
; addr_width     ; 9     ; Signed Integer                                                  ;
; total_width    ; 22    ; Signed Integer                                                  ;
+----------------+-------+-----------------------------------------------------------------+
Note: In order to hide this table in the UI and the text report file, please set the "Show Parameter Settings in Synthesis Report" option in "Analysis and Synthesis Settings -> More Settings" to "Off".


+-------------------------------------------------------------------------------------+
; Parameter Settings for User Entity Instance: processador:processador|fluxo_dados:FD ;
+----------------+-------+------------------------------------------------------------+
; Parameter Name ; Value ; Type                                                       ;
+----------------+-------+------------------------------------------------------------+
; data_width     ; 8     ; Signed Integer                                             ;
; rom_data_width ; 9     ; Signed Integer                                             ;
; addr_width     ; 9     ; Signed Integer                                             ;
; total_width    ; 22    ; Signed Integer                                             ;
; reg_width      ; 3     ; Signed Integer                                             ;
+----------------+-------+------------------------------------------------------------+
Note: In order to hide this table in the UI and the text report file, please set the "Show Parameter Settings in Synthesis Report" option in "Analysis and Synthesis Settings -> More Settings" to "Off".


+-------------------------------------------------------------------------------------------------------------+
; Parameter Settings for User Entity Instance: processador:processador|fluxo_dados:FD|registrador_generico:PC ;
+----------------+-------+------------------------------------------------------------------------------------+
; Parameter Name ; Value ; Type                                                                               ;
+----------------+-------+------------------------------------------------------------------------------------+
; larguradados   ; 9     ; Signed Integer                                                                     ;
+----------------+-------+------------------------------------------------------------------------------------+
Note: In order to hide this table in the UI and the text report file, please set the "Show Parameter Settings in Synthesis Report" option in "Analysis and Synthesis Settings -> More Settings" to "Off".


+----------------------------------------------------------------------------------------------------------------+
; Parameter Settings for User Entity Instance: processador:processador|fluxo_dados:FD|mux_generico_2x1:MuxProxPC ;
+----------------+-------+---------------------------------------------------------------------------------------+
; Parameter Name ; Value ; Type                                                                                  ;
+----------------+-------+---------------------------------------------------------------------------------------+
; larguradados   ; 9     ; Signed Integer                                                                        ;
+----------------+-------+---------------------------------------------------------------------------------------+
Note: In order to hide this table in the UI and the text report file, please set the "Show Parameter Settings in Synthesis Report" option in "Analysis and Synthesis Settings -> More Settings" to "Off".


+-----------------------------------------------------------------------------------------------------------+
; Parameter Settings for User Entity Instance: processador:processador|fluxo_dados:FD|soma_constante:somaUm ;
+----------------+-------+----------------------------------------------------------------------------------+
; Parameter Name ; Value ; Type                                                                             ;
+----------------+-------+----------------------------------------------------------------------------------+
; larguradados   ; 9     ; Signed Integer                                                                   ;
; constante      ; 1     ; Signed Integer                                                                   ;
+----------------+-------+----------------------------------------------------------------------------------+
Note: In order to hide this table in the UI and the text report file, please set the "Show Parameter Settings in Synthesis Report" option in "Analysis and Synthesis Settings -> More Settings" to "Off".


+-----------------------------------------------------------------------------------------------------+
; Parameter Settings for User Entity Instance: processador:processador|fluxo_dados:FD|memoria_rom:ROM ;
+----------------+-------+----------------------------------------------------------------------------+
; Parameter Name ; Value ; Type                                                                       ;
+----------------+-------+----------------------------------------------------------------------------+
; datawidth      ; 22    ; Signed Integer                                                             ;
; addrwidth      ; 9     ; Signed Integer                                                             ;
+----------------+-------+----------------------------------------------------------------------------+
Note: In order to hide this table in the UI and the text report file, please set the "Show Parameter Settings in Synthesis Report" option in "Analysis and Synthesis Settings -> More Settings" to "Off".


+-----------------------------------------------------------------------------------------------------------------------+
; Parameter Settings for User Entity Instance: processador:processador|fluxo_dados:FD|mux_generico_2x1:mux_RAM_imediato ;
+----------------+-------+----------------------------------------------------------------------------------------------+
; Parameter Name ; Value ; Type                                                                                         ;
+----------------+-------+----------------------------------------------------------------------------------------------+
; larguradados   ; 8     ; Signed Integer                                                                               ;
+----------------+-------+----------------------------------------------------------------------------------------------+
Note: In order to hide this table in the UI and the text report file, please set the "Show Parameter Settings in Synthesis Report" option in "Analysis and Synthesis Settings -> More Settings" to "Off".


+-----------------------------------------------------------------------------------------------------------------------------+
; Parameter Settings for User Entity Instance: processador:processador|fluxo_dados:FD|banco_registradores:banco_registradores ;
+---------------------+-------+-----------------------------------------------------------------------------------------------+
; Parameter Name      ; Value ; Type                                                                                          ;
+---------------------+-------+-----------------------------------------------------------------------------------------------+
; larguradados        ; 8     ; Signed Integer                                                                                ;
; larguraendbancoregs ; 3     ; Signed Integer                                                                                ;
+---------------------+-------+-----------------------------------------------------------------------------------------------+
Note: In order to hide this table in the UI and the text report file, please set the "Show Parameter Settings in Synthesis Report" option in "Analysis and Synthesis Settings -> More Settings" to "Off".


+---------------------------------------------------------------------------------------------+
; Parameter Settings for User Entity Instance: processador:processador|fluxo_dados:FD|ULA:ula ;
+----------------+-------+--------------------------------------------------------------------+
; Parameter Name ; Value ; Type                                                               ;
+----------------+-------+--------------------------------------------------------------------+
; larguradados   ; 8     ; Signed Integer                                                     ;
+----------------+-------+--------------------------------------------------------------------+
Note: In order to hide this table in the UI and the text report file, please set the "Show Parameter Settings in Synthesis Report" option in "Analysis and Synthesis Settings -> More Settings" to "Off".


+------------------------------------------------------------------------------------------------------------------------------+
; Parameter Settings for User Entity Instance: processador:processador|fluxo_dados:FD|mux_generico_2x1:mux_ULA_imediato_ou_ram ;
+----------------+-------+-----------------------------------------------------------------------------------------------------+
; Parameter Name ; Value ; Type                                                                                                ;
+----------------+-------+-----------------------------------------------------------------------------------------------------+
; larguradados   ; 8     ; Signed Integer                                                                                      ;
+----------------+-------+-----------------------------------------------------------------------------------------------------+
Note: In order to hide this table in the UI and the text report file, please set the "Show Parameter Settings in Synthesis Report" option in "Analysis and Synthesis Settings -> More Settings" to "Off".


+-------------------------------------------------------------------------------------------------------------------------------------+
; Parameter Settings for User Entity Instance: processador:processador|fluxo_dados:FD|decodificador_enderecos:decodificador_enderecos ;
+----------------+-------+------------------------------------------------------------------------------------------------------------+
; Parameter Name ; Value ; Type                                                                                                       ;
+----------------+-------+------------------------------------------------------------------------------------------------------------+
; addr_width     ; 9     ; Signed Integer                                                                                             ;
+----------------+-------+------------------------------------------------------------------------------------------------------------+
Note: In order to hide this table in the UI and the text report file, please set the "Show Parameter Settings in Synthesis Report" option in "Analysis and Synthesis Settings -> More Settings" to "Off".


+-----------------------------------------------------------------------------------------------------+
; Parameter Settings for User Entity Instance: processador:processador|fluxo_dados:FD|memoria_ram:RAM ;
+----------------+-------+----------------------------------------------------------------------------+
; Parameter Name ; Value ; Type                                                                       ;
+----------------+-------+----------------------------------------------------------------------------+
; datawidth      ; 8     ; Signed Integer                                                             ;
; addrwidth      ; 9     ; Signed Integer                                                             ;
+----------------+-------+----------------------------------------------------------------------------+
Note: In order to hide this table in the UI and the text report file, please set the "Show Parameter Settings in Synthesis Report" option in "Analysis and Synthesis Settings -> More Settings" to "Off".


+-------------------------------------------------------------------------------------------------------------------------+
; Parameter Settings for User Entity Instance: processador:processador|fluxo_dados:FD|interface_buttons:interface_buttons ;
+----------------+-------+------------------------------------------------------------------------------------------------+
; Parameter Name ; Value ; Type                                                                                           ;
+----------------+-------+------------------------------------------------------------------------------------------------+
; addr_width     ; 9     ; Signed Integer                                                                                 ;
+----------------+-------+------------------------------------------------------------------------------------------------+
Note: In order to hide this table in the UI and the text report file, please set the "Show Parameter Settings in Synthesis Report" option in "Analysis and Synthesis Settings -> More Settings" to "Off".


+-----------------------------------------------------------------------------------------------------------------+
; Parameter Settings for User Entity Instance: processador:processador|fluxo_dados:FD|interface_hex:interface_hex ;
+----------------+-------+----------------------------------------------------------------------------------------+
; Parameter Name ; Value ; Type                                                                                   ;
+----------------+-------+----------------------------------------------------------------------------------------+
; data_width     ; 8     ; Signed Integer                                                                         ;
; addr_width     ; 9     ; Signed Integer                                                                         ;
+----------------+-------+----------------------------------------------------------------------------------------+
Note: In order to hide this table in the UI and the text report file, please set the "Show Parameter Settings in Synthesis Report" option in "Analysis and Synthesis Settings -> More Settings" to "Off".


+-----------------------------------------------------------------------------------------------------------------------------+
; Parameter Settings for User Entity Instance: processador:processador|fluxo_dados:FD|divisor_generico_interface:temporizador ;
+----------------+-------+----------------------------------------------------------------------------------------------------+
; Parameter Name ; Value ; Type                                                                                               ;
+----------------+-------+----------------------------------------------------------------------------------------------------+
; data_width     ; 8     ; Signed Integer                                                                                     ;
+----------------+-------+----------------------------------------------------------------------------------------------------+
Note: In order to hide this table in the UI and the text report file, please set the "Show Parameter Settings in Synthesis Report" option in "Analysis and Synthesis Settings -> More Settings" to "Off".


+-------------------------------------------------------------------------------------------------------------------------------+
; Port Connectivity Checks: "processador:processador|fluxo_dados:FD|interface_hex:interface_hex|conversorHex7Seg:conversorHex5" ;
+----------+-------+----------+-------------------------------------------------------------------------------------------------+
; Port     ; Type  ; Severity ; Details                                                                                         ;
+----------+-------+----------+-------------------------------------------------------------------------------------------------+
; apaga    ; Input ; Info     ; Stuck at GND                                                                                    ;
; negativo ; Input ; Info     ; Stuck at GND                                                                                    ;
; overflow ; Input ; Info     ; Stuck at GND                                                                                    ;
+----------+-------+----------+-------------------------------------------------------------------------------------------------+


+-------------------------------------------------------------------------------------------------------------------------------+
; Port Connectivity Checks: "processador:processador|fluxo_dados:FD|interface_hex:interface_hex|conversorHex7Seg:conversorHex4" ;
+----------+-------+----------+-------------------------------------------------------------------------------------------------+
; Port     ; Type  ; Severity ; Details                                                                                         ;
+----------+-------+----------+-------------------------------------------------------------------------------------------------+
; apaga    ; Input ; Info     ; Stuck at GND                                                                                    ;
; negativo ; Input ; Info     ; Stuck at GND                                                                                    ;
; overflow ; Input ; Info     ; Stuck at GND                                                                                    ;
+----------+-------+----------+-------------------------------------------------------------------------------------------------+


+-------------------------------------------------------------------------------------------------------------------------------+
; Port Connectivity Checks: "processador:processador|fluxo_dados:FD|interface_hex:interface_hex|conversorHex7Seg:conversorHex3" ;
+----------+-------+----------+-------------------------------------------------------------------------------------------------+
; Port     ; Type  ; Severity ; Details                                                                                         ;
+----------+-------+----------+-------------------------------------------------------------------------------------------------+
; apaga    ; Input ; Info     ; Stuck at GND                                                                                    ;
; negativo ; Input ; Info     ; Stuck at GND                                                                                    ;
; overflow ; Input ; Info     ; Stuck at GND                                                                                    ;
+----------+-------+----------+-------------------------------------------------------------------------------------------------+


+-------------------------------------------------------------------------------------------------------------------------------+
; Port Connectivity Checks: "processador:processador|fluxo_dados:FD|interface_hex:interface_hex|conversorHex7Seg:conversorHex2" ;
+----------+-------+----------+-------------------------------------------------------------------------------------------------+
; Port     ; Type  ; Severity ; Details                                                                                         ;
+----------+-------+----------+-------------------------------------------------------------------------------------------------+
; apaga    ; Input ; Info     ; Stuck at GND                                                                                    ;
; negativo ; Input ; Info     ; Stuck at GND                                                                                    ;
; overflow ; Input ; Info     ; Stuck at GND                                                                                    ;
+----------+-------+----------+-------------------------------------------------------------------------------------------------+


+-------------------------------------------------------------------------------------------------------------------------------+
; Port Connectivity Checks: "processador:processador|fluxo_dados:FD|interface_hex:interface_hex|conversorHex7Seg:conversorHex1" ;
+----------+-------+----------+-------------------------------------------------------------------------------------------------+
; Port     ; Type  ; Severity ; Details                                                                                         ;
+----------+-------+----------+-------------------------------------------------------------------------------------------------+
; apaga    ; Input ; Info     ; Stuck at GND                                                                                    ;
; negativo ; Input ; Info     ; Stuck at GND                                                                                    ;
; overflow ; Input ; Info     ; Stuck at GND                                                                                    ;
+----------+-------+----------+-------------------------------------------------------------------------------------------------+


+-------------------------------------------------------------------------------------------------------------------------------+
; Port Connectivity Checks: "processador:processador|fluxo_dados:FD|interface_hex:interface_hex|conversorHex7Seg:conversorHex0" ;
+----------+-------+----------+-------------------------------------------------------------------------------------------------+
; Port     ; Type  ; Severity ; Details                                                                                         ;
+----------+-------+----------+-------------------------------------------------------------------------------------------------+
; apaga    ; Input ; Info     ; Stuck at GND                                                                                    ;
; negativo ; Input ; Info     ; Stuck at GND                                                                                    ;
; overflow ; Input ; Info     ; Stuck at GND                                                                                    ;
+----------+-------+----------+-------------------------------------------------------------------------------------------------+


+-----------------------------------------------------------------------------------------------------------+
; Port Connectivity Checks: "processador:processador|fluxo_dados:FD|flip_flop_generico:flip_flop_flag_zero" ;
+------+-------+----------+---------------------------------------------------------------------------------+
; Port ; Type  ; Severity ; Details                                                                         ;
+------+-------+----------+---------------------------------------------------------------------------------+
; rst  ; Input ; Info     ; Stuck at GND                                                                    ;
+------+-------+----------+---------------------------------------------------------------------------------+


+--------------------------------------------------------------------------------------------+
; Port Connectivity Checks: "processador:processador|fluxo_dados:FD|registrador_generico:PC" ;
+--------+-------+----------+----------------------------------------------------------------+
; Port   ; Type  ; Severity ; Details                                                        ;
+--------+-------+----------+----------------------------------------------------------------+
; enable ; Input ; Info     ; Stuck at VCC                                                   ;
; rst    ; Input ; Info     ; Stuck at GND                                                   ;
+--------+-------+----------+----------------------------------------------------------------+


+---------------------------------------------------------------------------------------------------------------------------+
; Port Connectivity Checks: "processador:processador|fluxo_dados:FD"                                                        ;
+-----------------+--------+----------+-------------------------------------------------------------------------------------+
; Port            ; Type   ; Severity ; Details                                                                             ;
+-----------------+--------+----------+-------------------------------------------------------------------------------------+
; saidaacumulador ; Output ; Info     ; Connected to dangling logic. Logic that only feeds a dangling port will be removed. ;
; programcounter  ; Output ; Info     ; Connected to dangling logic. Logic that only feeds a dangling port will be removed. ;
+-----------------+--------+----------+-------------------------------------------------------------------------------------+


+---------------------------------------------------------------------------------------------------------------------------+
; Port Connectivity Checks: "processador:processador"                                                                       ;
+-----------------+--------+----------+-------------------------------------------------------------------------------------+
; Port            ; Type   ; Severity ; Details                                                                             ;
+-----------------+--------+----------+-------------------------------------------------------------------------------------+
; saidaacumulador ; Output ; Info     ; Connected to dangling logic. Logic that only feeds a dangling port will be removed. ;
; programcounter  ; Output ; Info     ; Connected to dangling logic. Logic that only feeds a dangling port will be removed. ;
+-----------------+--------+----------+-------------------------------------------------------------------------------------+


+-----------------------------------------------------+
; Post-Synthesis Netlist Statistics for Top Partition ;
+-----------------------+-----------------------------+
; Type                  ; Count                       ;
+-----------------------+-----------------------------+
; arriav_ff             ; 69                          ;
;     ENA               ; 32                          ;
;     ENA SCLR          ; 26                          ;
;     SLD               ; 9                           ;
;     plain             ; 2                           ;
; arriav_io_obuf        ; 42                          ;
; arriav_lcell_comb     ; 139                         ;
;     arith             ; 44                          ;
;         1 data inputs ; 36                          ;
;         3 data inputs ; 8                           ;
;     normal            ; 95                          ;
;         0 data inputs ; 1                           ;
;         2 data inputs ; 19                          ;
;         3 data inputs ; 7                           ;
;         4 data inputs ; 34                          ;
;         5 data inputs ; 13                          ;
;         6 data inputs ; 21                          ;
; boundary_port         ; 68                          ;
;                       ;                             ;
; Max LUT depth         ; 6.70                        ;
; Average LUT depth     ; 3.49                        ;
+-----------------------+-----------------------------+


+-------------------------------+
; Elapsed Time Per Partition    ;
+----------------+--------------+
; Partition Name ; Elapsed Time ;
+----------------+--------------+
; Top            ; 00:00:01     ;
+----------------+--------------+


+-------------------------------+
; Analysis & Synthesis Messages ;
+-------------------------------+
Info: *******************************************************************
Info: Running Quartus Prime Analysis & Synthesis
    Info: Version 20.1.0 Build 711 06/05/2020 SJ Lite Edition
    Info: Processing started: Sat Oct 17 17:35:21 2020
Info: Command: quartus_map --read_settings_files=on --write_settings_files=off projeto_clock -c main
Warning (18236): Number of processors has not been specified which may cause overloading on shared machines.  Set the global assignment NUM_PARALLEL_PROCESSORS in your QSF to an appropriate value for best performance.
Info (20030): Parallel compilation is enabled and will use 6 of the 6 processors detected
Info (12021): Found 2 design units, including 1 entities, in source file flip_flop_generico.vhd
    Info (12022): Found design unit 1: flip_flop_generico-comportamento File: /home/gabrielzezze/Desktop/projeto_clock/vhdl/flip_flop_generico.vhd Line: 12
    Info (12023): Found entity 1: flip_flop_generico File: /home/gabrielzezze/Desktop/projeto_clock/vhdl/flip_flop_generico.vhd Line: 4
Info (12021): Found 2 design units, including 1 entities, in source file divisor_generico_interface.vhd
    Info (12022): Found design unit 1: divisor_generico_interface-interface File: /home/gabrielzezze/Desktop/projeto_clock/vhdl/divisor_generico_interface.vhd Line: 20
    Info (12023): Found entity 1: divisor_generico_interface File: /home/gabrielzezze/Desktop/projeto_clock/vhdl/divisor_generico_interface.vhd Line: 5
Info (12021): Found 2 design units, including 1 entities, in source file divisor_generico.vhd
    Info (12022): Found design unit 1: divisor_generico-div_inteiro File: /home/gabrielzezze/Desktop/projeto_clock/vhdl/divisor_generico.vhd Line: 17
    Info (12023): Found entity 1: divisor_generico File: /home/gabrielzezze/Desktop/projeto_clock/vhdl/divisor_generico.vhd Line: 5
Info (12021): Found 2 design units, including 1 entities, in source file interface_hex.vhd
    Info (12022): Found design unit 1: interface_hex-comportamento File: /home/gabrielzezze/Desktop/projeto_clock/vhdl/interface_hex.vhd Line: 18
    Info (12023): Found entity 1: interface_hex File: /home/gabrielzezze/Desktop/projeto_clock/vhdl/interface_hex.vhd Line: 5
Info (12021): Found 2 design units, including 1 entities, in source file conversor_hex_7_segmentos.vhd
    Info (12022): Found design unit 1: conversorHex7Seg-comportamento File: /home/gabrielzezze/Desktop/projeto_clock/vhdl/conversor_hex_7_segmentos.vhd Line: 17
    Info (12023): Found entity 1: conversorHex7Seg File: /home/gabrielzezze/Desktop/projeto_clock/vhdl/conversor_hex_7_segmentos.vhd Line: 4
Info (12021): Found 2 design units, including 1 entities, in source file interface_buttons.vhd
    Info (12022): Found design unit 1: interface_buttons-comportamento File: /home/gabrielzezze/Desktop/projeto_clock/vhdl/interface_buttons.vhd Line: 17
    Info (12023): Found entity 1: interface_buttons File: /home/gabrielzezze/Desktop/projeto_clock/vhdl/interface_buttons.vhd Line: 5
Info (12021): Found 2 design units, including 1 entities, in source file interface_switches.vhd
    Info (12022): Found design unit 1: interface_switches-comportamento File: /home/gabrielzezze/Desktop/projeto_clock/vhdl/interface_switches.vhd Line: 13
    Info (12023): Found entity 1: interface_switches File: /home/gabrielzezze/Desktop/projeto_clock/vhdl/interface_switches.vhd Line: 5
Info (12021): Found 2 design units, including 1 entities, in source file memoria_ram.vhd
    Info (12022): Found design unit 1: memoria_ram-rtl File: /home/gabrielzezze/Desktop/projeto_clock/vhdl/memoria_ram.vhd Line: 23
    Info (12023): Found entity 1: memoria_ram File: /home/gabrielzezze/Desktop/projeto_clock/vhdl/memoria_ram.vhd Line: 5
Info (12021): Found 2 design units, including 1 entities, in source file decodificador_enderecos.vhd
    Info (12022): Found design unit 1: decodificador_enderecos-comportamento File: /home/gabrielzezze/Desktop/projeto_clock/vhdl/decodificador_enderecos.vhd Line: 16
    Info (12023): Found entity 1: decodificador_enderecos File: /home/gabrielzezze/Desktop/projeto_clock/vhdl/decodificador_enderecos.vhd Line: 5
Info (12021): Found 2 design units, including 1 entities, in source file ula.vhd
    Info (12022): Found design unit 1: ULA-comportamento File: /home/gabrielzezze/Desktop/projeto_clock/vhdl/ula.vhd Line: 17
    Info (12023): Found entity 1: ULA File: /home/gabrielzezze/Desktop/projeto_clock/vhdl/ula.vhd Line: 5
Info (12021): Found 2 design units, including 1 entities, in source file banco_registradores.vhd
    Info (12022): Found design unit 1: banco_registradores-comportamento File: /home/gabrielzezze/Desktop/projeto_clock/vhdl/banco_registradores.vhd Line: 28
    Info (12023): Found entity 1: banco_registradores File: /home/gabrielzezze/Desktop/projeto_clock/vhdl/banco_registradores.vhd Line: 5
Info (12021): Found 2 design units, including 1 entities, in source file mux_generico_2x1.vhd
    Info (12022): Found design unit 1: mux_generico_2x1-comportamento File: /home/gabrielzezze/Desktop/projeto_clock/vhdl/mux_generico_2x1.vhd Line: 15
    Info (12023): Found entity 1: mux_generico_2x1 File: /home/gabrielzezze/Desktop/projeto_clock/vhdl/mux_generico_2x1.vhd Line: 4
Info (12021): Found 2 design units, including 1 entities, in source file soma_constante.vhd
    Info (12022): Found design unit 1: soma_constante-comportamento File: /home/gabrielzezze/Desktop/projeto_clock/vhdl/soma_constante.vhd Line: 18
    Info (12023): Found entity 1: soma_constante File: /home/gabrielzezze/Desktop/projeto_clock/vhdl/soma_constante.vhd Line: 5
Info (12021): Found 2 design units, including 1 entities, in source file registrador_generico.vhd
    Info (12022): Found design unit 1: registrador_generico-comportamento File: /home/gabrielzezze/Desktop/projeto_clock/vhdl/registrador_generico.vhd Line: 18
    Info (12023): Found entity 1: registrador_generico File: /home/gabrielzezze/Desktop/projeto_clock/vhdl/registrador_generico.vhd Line: 4
Info (12021): Found 2 design units, including 1 entities, in source file memoria_rom.vhd
    Info (12022): Found design unit 1: memoria_rom-assincrona File: /home/gabrielzezze/Desktop/projeto_clock/vhdl/memoria_rom.vhd Line: 18
    Info (12023): Found entity 1: memoria_rom File: /home/gabrielzezze/Desktop/projeto_clock/vhdl/memoria_rom.vhd Line: 5
Info (12021): Found 2 design units, including 1 entities, in source file fluxo_dados.vhd
    Info (12022): Found design unit 1: fluxo_dados-main File: /home/gabrielzezze/Desktop/projeto_clock/vhdl/fluxo_dados.vhd Line: 31
    Info (12023): Found entity 1: fluxo_dados File: /home/gabrielzezze/Desktop/projeto_clock/vhdl/fluxo_dados.vhd Line: 5
Info (12021): Found 2 design units, including 1 entities, in source file main.vhd
    Info (12022): Found design unit 1: main-main File: /home/gabrielzezze/Desktop/projeto_clock/vhdl/main.vhd Line: 25
    Info (12023): Found entity 1: main File: /home/gabrielzezze/Desktop/projeto_clock/vhdl/main.vhd Line: 4
Info (12021): Found 2 design units, including 1 entities, in source file unidade_controle.vhd
    Info (12022): Found design unit 1: unidade_controle-main File: /home/gabrielzezze/Desktop/projeto_clock/vhdl/unidade_controle.vhd Line: 26
    Info (12023): Found entity 1: unidade_controle File: /home/gabrielzezze/Desktop/projeto_clock/vhdl/unidade_controle.vhd Line: 5
Info (12021): Found 2 design units, including 1 entities, in source file processador.vhd
    Info (12022): Found design unit 1: processador-main File: /home/gabrielzezze/Desktop/projeto_clock/vhdl/processador.vhd Line: 27
    Info (12023): Found entity 1: processador File: /home/gabrielzezze/Desktop/projeto_clock/vhdl/processador.vhd Line: 5
Info (12127): Elaborating entity "main" for the top level hierarchy
Warning (10541): VHDL Signal Declaration warning at main.vhd(18): used implicit default value for signal "LEDR" because signal was never assigned a value or an explicit default value. Use of implicit default value may introduce unintended design optimizations. File: /home/gabrielzezze/Desktop/projeto_clock/vhdl/main.vhd Line: 18
Info (12128): Elaborating entity "processador" for hierarchy "processador:processador" File: /home/gabrielzezze/Desktop/projeto_clock/vhdl/main.vhd Line: 28
Warning (10541): VHDL Signal Declaration warning at processador.vhd(20): used implicit default value for signal "saidaAcumulador" because signal was never assigned a value or an explicit default value. Use of implicit default value may introduce unintended design optimizations. File: /home/gabrielzezze/Desktop/projeto_clock/vhdl/processador.vhd Line: 20
Warning (10541): VHDL Signal Declaration warning at processador.vhd(21): used implicit default value for signal "programCounter" because signal was never assigned a value or an explicit default value. Use of implicit default value may introduce unintended design optimizations. File: /home/gabrielzezze/Desktop/projeto_clock/vhdl/processador.vhd Line: 21
Info (12128): Elaborating entity "unidade_controle" for hierarchy "processador:processador|unidade_controle:UC" File: /home/gabrielzezze/Desktop/projeto_clock/vhdl/processador.vhd Line: 37
Info (12128): Elaborating entity "fluxo_dados" for hierarchy "processador:processador|fluxo_dados:FD" File: /home/gabrielzezze/Desktop/projeto_clock/vhdl/processador.vhd Line: 49
Warning (10541): VHDL Signal Declaration warning at fluxo_dados.vhd(24): used implicit default value for signal "saidaAcumulador" because signal was never assigned a value or an explicit default value. Use of implicit default value may introduce unintended design optimizations. File: /home/gabrielzezze/Desktop/projeto_clock/vhdl/fluxo_dados.vhd Line: 24
Info (12128): Elaborating entity "registrador_generico" for hierarchy "processador:processador|fluxo_dados:FD|registrador_generico:PC" File: /home/gabrielzezze/Desktop/projeto_clock/vhdl/fluxo_dados.vhd Line: 75
Info (12128): Elaborating entity "mux_generico_2x1" for hierarchy "processador:processador|fluxo_dados:FD|mux_generico_2x1:MuxProxPC" File: /home/gabrielzezze/Desktop/projeto_clock/vhdl/fluxo_dados.vhd Line: 87
Info (12128): Elaborating entity "soma_constante" for hierarchy "processador:processador|fluxo_dados:FD|soma_constante:somaUm" File: /home/gabrielzezze/Desktop/projeto_clock/vhdl/fluxo_dados.vhd Line: 98
Info (12128): Elaborating entity "memoria_rom" for hierarchy "processador:processador|fluxo_dados:FD|memoria_rom:ROM" File: /home/gabrielzezze/Desktop/projeto_clock/vhdl/fluxo_dados.vhd Line: 108
Info (12128): Elaborating entity "mux_generico_2x1" for hierarchy "processador:processador|fluxo_dados:FD|mux_generico_2x1:mux_RAM_imediato" File: /home/gabrielzezze/Desktop/projeto_clock/vhdl/fluxo_dados.vhd Line: 118
Info (12128): Elaborating entity "banco_registradores" for hierarchy "processador:processador|fluxo_dados:FD|banco_registradores:banco_registradores" File: /home/gabrielzezze/Desktop/projeto_clock/vhdl/fluxo_dados.vhd Line: 129
Info (12128): Elaborating entity "ULA" for hierarchy "processador:processador|fluxo_dados:FD|ULA:ula" File: /home/gabrielzezze/Desktop/projeto_clock/vhdl/fluxo_dados.vhd Line: 146
Info (12128): Elaborating entity "flip_flop_generico" for hierarchy "processador:processador|fluxo_dados:FD|flip_flop_generico:flip_flop_flag_zero" File: /home/gabrielzezze/Desktop/projeto_clock/vhdl/fluxo_dados.vhd Line: 158
Info (12128): Elaborating entity "decodificador_enderecos" for hierarchy "processador:processador|fluxo_dados:FD|decodificador_enderecos:decodificador_enderecos" File: /home/gabrielzezze/Desktop/projeto_clock/vhdl/fluxo_dados.vhd Line: 178
Info (12128): Elaborating entity "memoria_ram" for hierarchy "processador:processador|fluxo_dados:FD|memoria_ram:RAM" File: /home/gabrielzezze/Desktop/projeto_clock/vhdl/fluxo_dados.vhd Line: 188
Info (12128): Elaborating entity "interface_switches" for hierarchy "processador:processador|fluxo_dados:FD|interface_switches:interface_switches" File: /home/gabrielzezze/Desktop/projeto_clock/vhdl/fluxo_dados.vhd Line: 203
Info (12128): Elaborating entity "interface_buttons" for hierarchy "processador:processador|fluxo_dados:FD|interface_buttons:interface_buttons" File: /home/gabrielzezze/Desktop/projeto_clock/vhdl/fluxo_dados.vhd Line: 210
Info (12128): Elaborating entity "interface_hex" for hierarchy "processador:processador|fluxo_dados:FD|interface_hex:interface_hex" File: /home/gabrielzezze/Desktop/projeto_clock/vhdl/fluxo_dados.vhd Line: 221
Info (12128): Elaborating entity "conversorHex7Seg" for hierarchy "processador:processador|fluxo_dados:FD|interface_hex:interface_hex|conversorHex7Seg:conversorHex0" File: /home/gabrielzezze/Desktop/projeto_clock/vhdl/interface_hex.vhd Line: 29
Info (12128): Elaborating entity "divisor_generico_interface" for hierarchy "processador:processador|fluxo_dados:FD|divisor_generico_interface:temporizador" File: /home/gabrielzezze/Desktop/projeto_clock/vhdl/fluxo_dados.vhd Line: 238
Warning (10540): VHDL Signal Declaration warning at divisor_generico_interface.vhd(25): used explicit default value for signal "divisor" because signal was never assigned a value File: /home/gabrielzezze/Desktop/projeto_clock/vhdl/divisor_generico_interface.vhd Line: 25
Info (276014): Found 2 instances of uninferred RAM logic
    Info (276007): RAM logic "processador:processador|fluxo_dados:FD|memoria_ram:RAM|ram" is uninferred due to asynchronous read logic File: /home/gabrielzezze/Desktop/projeto_clock/vhdl/memoria_ram.vhd Line: 30
    Info (276007): RAM logic "processador:processador|fluxo_dados:FD|banco_registradores:banco_registradores|registrador" is uninferred due to asynchronous read logic File: /home/gabrielzezze/Desktop/projeto_clock/vhdl/banco_registradores.vhd Line: 34
Warning (13046): Tri-state node(s) do not directly drive top-level pin(s)
    Warning (13048): Converted tri-state node "processador:processador|fluxo_dados:FD|barramentoEntradaDados[7]" into a selector File: /home/gabrielzezze/Desktop/projeto_clock/vhdl/mux_generico_2x1.vhd Line: 10
    Warning (13048): Converted tri-state node "processador:processador|fluxo_dados:FD|barramentoEntradaDados[6]" into a selector File: /home/gabrielzezze/Desktop/projeto_clock/vhdl/mux_generico_2x1.vhd Line: 10
    Warning (13048): Converted tri-state node "processador:processador|fluxo_dados:FD|barramentoEntradaDados[5]" into a selector File: /home/gabrielzezze/Desktop/projeto_clock/vhdl/mux_generico_2x1.vhd Line: 10
    Warning (13048): Converted tri-state node "processador:processador|fluxo_dados:FD|barramentoEntradaDados[4]" into a selector File: /home/gabrielzezze/Desktop/projeto_clock/vhdl/mux_generico_2x1.vhd Line: 10
    Warning (13048): Converted tri-state node "processador:processador|fluxo_dados:FD|barramentoEntradaDados[3]" into a selector File: /home/gabrielzezze/Desktop/projeto_clock/vhdl/mux_generico_2x1.vhd Line: 10
    Warning (13048): Converted tri-state node "processador:processador|fluxo_dados:FD|barramentoEntradaDados[2]" into a selector File: /home/gabrielzezze/Desktop/projeto_clock/vhdl/mux_generico_2x1.vhd Line: 10
    Warning (13048): Converted tri-state node "processador:processador|fluxo_dados:FD|barramentoEntradaDados[1]" into a selector File: /home/gabrielzezze/Desktop/projeto_clock/vhdl/mux_generico_2x1.vhd Line: 10
    Warning (13048): Converted tri-state node "processador:processador|fluxo_dados:FD|barramentoEntradaDados[0]" into a selector File: /home/gabrielzezze/Desktop/projeto_clock/vhdl/mux_generico_2x1.vhd Line: 10
Warning (13024): Output pins are stuck at VCC or GND
    Warning (13410): Pin "LEDR[0]" is stuck at GND File: /home/gabrielzezze/Desktop/projeto_clock/vhdl/main.vhd Line: 18
    Warning (13410): Pin "LEDR[1]" is stuck at GND File: /home/gabrielzezze/Desktop/projeto_clock/vhdl/main.vhd Line: 18
    Warning (13410): Pin "LEDR[2]" is stuck at GND File: /home/gabrielzezze/Desktop/projeto_clock/vhdl/main.vhd Line: 18
    Warning (13410): Pin "LEDR[3]" is stuck at GND File: /home/gabrielzezze/Desktop/projeto_clock/vhdl/main.vhd Line: 18
    Warning (13410): Pin "LEDR[4]" is stuck at GND File: /home/gabrielzezze/Desktop/projeto_clock/vhdl/main.vhd Line: 18
    Warning (13410): Pin "LEDR[5]" is stuck at GND File: /home/gabrielzezze/Desktop/projeto_clock/vhdl/main.vhd Line: 18
    Warning (13410): Pin "LEDR[6]" is stuck at GND File: /home/gabrielzezze/Desktop/projeto_clock/vhdl/main.vhd Line: 18
    Warning (13410): Pin "LEDR[7]" is stuck at GND File: /home/gabrielzezze/Desktop/projeto_clock/vhdl/main.vhd Line: 18
    Warning (13410): Pin "LEDR[8]" is stuck at GND File: /home/gabrielzezze/Desktop/projeto_clock/vhdl/main.vhd Line: 18
    Warning (13410): Pin "LEDR[9]" is stuck at GND File: /home/gabrielzezze/Desktop/projeto_clock/vhdl/main.vhd Line: 18
Info (286030): Timing-Driven Synthesis is running
Info (17049): 32 registers lost all their fanouts during netlist optimizations.
Info (16010): Generating hard_block partition "hard_block:auto_generated_inst"
    Info (16011): Adding 0 node(s), including 0 DDIO, 0 PLL, 0 transceiver and 0 LCELL
Warning (21074): Design contains 11 input pin(s) that do not drive logic
    Warning (15610): No output dependent on input pin "SW[8]" File: /home/gabrielzezze/Desktop/projeto_clock/vhdl/main.vhd Line: 13
    Warning (15610): No output dependent on input pin "SW[9]" File: /home/gabrielzezze/Desktop/projeto_clock/vhdl/main.vhd Line: 13
    Warning (15610): No output dependent on input pin "FPGA_RESET_N" File: /home/gabrielzezze/Desktop/projeto_clock/vhdl/main.vhd Line: 15
    Warning (15610): No output dependent on input pin "SW[1]" File: /home/gabrielzezze/Desktop/projeto_clock/vhdl/main.vhd Line: 13
    Warning (15610): No output dependent on input pin "SW[3]" File: /home/gabrielzezze/Desktop/projeto_clock/vhdl/main.vhd Line: 13
    Warning (15610): No output dependent on input pin "SW[2]" File: /home/gabrielzezze/Desktop/projeto_clock/vhdl/main.vhd Line: 13
    Warning (15610): No output dependent on input pin "SW[0]" File: /home/gabrielzezze/Desktop/projeto_clock/vhdl/main.vhd Line: 13
    Warning (15610): No output dependent on input pin "SW[5]" File: /home/gabrielzezze/Desktop/projeto_clock/vhdl/main.vhd Line: 13
    Warning (15610): No output dependent on input pin "SW[7]" File: /home/gabrielzezze/Desktop/projeto_clock/vhdl/main.vhd Line: 13
    Warning (15610): No output dependent on input pin "SW[6]" File: /home/gabrielzezze/Desktop/projeto_clock/vhdl/main.vhd Line: 13
    Warning (15610): No output dependent on input pin "SW[4]" File: /home/gabrielzezze/Desktop/projeto_clock/vhdl/main.vhd Line: 13
Info (21057): Implemented 240 device resources after synthesis - the final resource count might be different
    Info (21058): Implemented 16 input pins
    Info (21059): Implemented 52 output pins
    Info (21061): Implemented 172 logic cells
Info: Quartus Prime Analysis & Synthesis was successful. 0 errors, 38 warnings
    Info: Peak virtual memory: 557 megabytes
    Info: Processing ended: Sat Oct 17 17:35:36 2020
    Info: Elapsed time: 00:00:15
    Info: Total CPU time (on all processors): 00:00:32


